# JRE version: Java(TM) SE Runtime Environment (9.0+11) (build 9.0.4+11)
# Java VM: Java HotSpot(TM) 64-Bit Server VM (9.0.4+11, mixed mode, tiered, compressed oops, g1 gc, linux-amd64)
Heap:
 garbage-first heap   total 366592K, used 72795K [0x00000000d0000000, 0x00000000d0100b30, 0x0000000100000000)
  region size 1024K, 7 young (7168K), 7 survivors (7168K)
 Metaspace       used 127276K, capacity 142416K, committed 142464K, reserved 1175552K
  class space    used 15077K, capacity 15954K, committed 16000K, reserved 1048576K
GC Heap History (10 events):
Event: 6520,579 GC heap after
{Heap after GC invocations=174 (full 50):
 garbage-first heap   total 195584K, used 97791K [0x00000000d0000000, 0x00000000d01005f8, 0x0000000100000000)
  region size 1024K, 2 young (2048K), 2 survivors (2048K)
 Metaspace       used 119664K, capacity 133940K, committed 134528K, reserved 1169408K
  class space    used 14176K, capacity 14976K, committed 15232K, reserved 1048576K
}
Event: 6521,152 GC heap before
{Heap before GC invocations=174 (full 50):
 garbage-first heap   total 195584K, used 110079K [0x00000000d0000000, 0x00000000d01005f8, 0x0000000100000000)
  region size 1024K, 15 young (15360K), 2 survivors (2048K)
 Metaspace       used 119706K, capacity 133988K, committed 134528K, reserved 1169408K
  class space    used 14183K, capacity 14984K, committed 15232K, reserved 1048576K
}
Event: 6521,592 GC heap after
{Heap after GC invocations=175 (full 51):
 garbage-first heap   total 195584K, used 61341K [0x00000000d0000000, 0x00000000d01005f8, 0x0000000100000000)
  region size 1024K, 0 young (0K), 0 survivors (0K)
 Metaspace       used 119706K, capacity 133988K, committed 134528K, reserved 1169408K
  class space    used 14183K, capacity 14984K, committed 15232K, reserved 1048576K
}
Event: 6521,864 GC heap before
{Heap before GC invocations=175 (full 51):
 garbage-first heap   total 195584K, used 61341K [0x00000000d0000000, 0x00000000d01005f8, 0x0000000100000000)
  region size 1024K, 1 young (1024K), 0 survivors (0K)
 Metaspace       used 119713K, capacity 133988K, committed 134528K, reserved 1169408K
  class space    used 14183K, capacity 14984K, committed 15232K, reserved 1048576K
}
Event: 6522,240 GC heap after
{Heap after GC invocations=176 (full 52):
 garbage-first heap   total 195584K, used 61306K [0x00000000d0000000, 0x00000000d01005f8, 0x0000000100000000)
  region size 1024K, 0 young (0K), 0 survivors (0K)
 Metaspace       used 119713K, capacity 133988K, committed 134528K, reserved 1169408K
  class space    used 14183K, capacity 14984K, committed 15232K, reserved 1048576K
}
Event: 6522,514 GC heap before
{Heap before GC invocations=176 (full 52):
 garbage-first heap   total 195584K, used 82810K [0x00000000d0000000, 0x00000000d01005f8, 0x0000000100000000)
  region size 1024K, 22 young (22528K), 0 survivors (0K)
 Metaspace       used 119720K, capacity 134052K, committed 134528K, reserved 1169408K
  class space    used 14183K, capacity 14984K, committed 15232K, reserved 1048576K
}
Event: 6522,520 GC heap after
{Heap after GC invocations=177 (full 52):
 garbage-first heap   total 195584K, used 62182K [0x00000000d0000000, 0x00000000d01005f8, 0x0000000100000000)
  region size 1024K, 1 young (1024K), 1 survivors (1024K)
 Metaspace       used 119720K, capacity 134052K, committed 134528K, reserved 1169408K
  class space    used 14183K, capacity 14984K, committed 15232K, reserved 1048576K
}
Event: 6522,611 GC heap before
{Heap before GC invocations=177 (full 52):
 garbage-first heap   total 195584K, used 103142K [0x00000000d0000000, 0x00000000d01005f8, 0x0000000100000000)
  region size 1024K, 37 young (37888K), 1 survivors (1024K)
 Metaspace       used 119720K, capacity 134052K, committed 134528K, reserved 1169408K
  class space    used 14183K, capacity 14984K, committed 15232K, reserved 1048576K
}
Event: 6522,629 GC heap after
{Heap after GC invocations=178 (full 52):
 garbage-first heap   total 195584K, used 64817K [0x00000000d0000000, 0x00000000d01005f8, 0x0000000100000000)
  region size 1024K, 4 young (4096K), 4 survivors (4096K)
 Metaspace       used 119720K, capacity 134052K, committed 134528K, reserved 1169408K
  class space    used 14183K, capacity 14984K, committed 15232K, reserved 1048576K
}
Event: 6529,334 GC heap before
{Heap before GC invocations=179 (full 52):
 garbage-first heap   total 195584K, used 120113K [0x00000000d0000000, 0x00000000d01005f8, 0x0000000100000000)
  region size 1024K, 54 young (55296K), 4 survivors (4096K)
 Metaspace       used 127276K, capacity 142416K, committed 142464K, reserved 1175552K
  class space    used 15077K, capacity 15954K, committed 16000K, reserved 1048576K
}

